[debug] [2021-10-09T14:28:46.570Z] ----------------------------------------------------------------------
[debug] [2021-10-09T14:28:46.572Z] Command:       /usr/local/bin/node /usr/local/bin/firebase emulators:start
[debug] [2021-10-09T14:28:46.572Z] CLI Version:   9.19.0
[debug] [2021-10-09T14:28:46.572Z] Platform:      darwin
[debug] [2021-10-09T14:28:46.572Z] Node Version:  v12.20.0
[debug] [2021-10-09T14:28:46.573Z] Time:          Sat Oct 09 2021 10:28:46 GMT-0400 (Eastern Daylight Time)
[debug] [2021-10-09T14:28:46.573Z] ----------------------------------------------------------------------
[debug] 
[debug] [2021-10-09T14:28:46.617Z] > command requires scopes: ["email","openid","https://www.googleapis.com/auth/cloudplatformprojects.readonly","https://www.googleapis.com/auth/firebase","https://www.googleapis.com/auth/cloud-platform"]
[debug] [2021-10-09T14:28:46.617Z] > authorizing via signed-in user (mikebusto4@gmail.com)
[info] i  emulators: Starting emulators: functions, hosting {"metadata":{"emulator":{"name":"hub"},"message":"Starting emulators: functions, hosting"}}
[debug] [2021-10-09T14:28:46.636Z] [hub] writing locator at /var/folders/nz/cfs7byk10dj2497v4xgnnxxc0000gn/T/hub-clone-e2b31.json
[warn] ⚠  functions: The following emulators are not running, calls to these services from the Functions emulator will affect production: auth, firestore, database, pubsub, storage {"metadata":{"emulator":{"name":"functions"},"message":"The following emulators are not running, calls to these services from the Functions emulator will affect production: \u001b[1mauth, firestore, database, pubsub, storage\u001b[22m"}}
[warn] ⚠  Your requested "node" version "14" doesn't match your global version "12" {"metadata":{"emulator":{"name":"functions"},"message":"Your requested \"node\" version \"14\" doesn't match your global version \"12\""}}
[debug] [2021-10-09T14:28:46.672Z] defaultcredentials: writing to file /Users/kingquanto/.config/firebase/mikebusto4_gmail_com_application_default_credentials.json
[debug] [2021-10-09T14:28:46.678Z] Setting GAC to /Users/kingquanto/.config/firebase/mikebusto4_gmail_com_application_default_credentials.json {"metadata":{"emulator":{"name":"functions"},"message":"Setting GAC to /Users/kingquanto/.config/firebase/mikebusto4_gmail_com_application_default_credentials.json"}}
[debug] [2021-10-09T14:28:46.680Z] > refreshing access token with scopes: []
[debug] [2021-10-09T14:28:46.680Z] >>> HTTP REQUEST POST https://www.googleapis.com/oauth2/v3/token  
 <request body omitted>
[debug] [2021-10-09T14:28:46.768Z] <<< HTTP RESPONSE 200 {"date":"Sat, 09 Oct 2021 14:28:53 GMT","pragma":"no-cache","expires":"Mon, 01 Jan 1990 00:00:00 GMT","cache-control":"no-cache, no-store, max-age=0, must-revalidate","content-type":"application/json; charset=utf-8","vary":"X-Origin, Referer, Origin,Accept-Encoding","server":"scaffolding on HTTPServer2","x-xss-protection":"0","x-frame-options":"SAMEORIGIN","x-content-type-options":"nosniff","alt-svc":"h3=\":443\"; ma=2592000,h3-29=\":443\"; ma=2592000,h3-T051=\":443\"; ma=2592000,h3-Q050=\":443\"; ma=2592000,h3-Q046=\":443\"; ma=2592000,h3-Q043=\":443\"; ma=2592000,quic=\":443\"; ma=2592000; v=\"46,43\"","accept-ranges":"none","transfer-encoding":"chunked"}
[debug] [2021-10-09T14:28:47.064Z] >>> [apiv2][query] GET https://firebase.googleapis.com/v1beta1/projects/clone-e2b31/adminSdkConfig [none]
[debug] [2021-10-09T14:28:47.357Z] <<< [apiv2][status] GET https://firebase.googleapis.com/v1beta1/projects/clone-e2b31/adminSdkConfig 200
[debug] [2021-10-09T14:28:47.357Z] <<< [apiv2][body] GET https://firebase.googleapis.com/v1beta1/projects/clone-e2b31/adminSdkConfig {"projectId":"clone-e2b31","storageBucket":"clone-e2b31.appspot.com"}
[debug] [2021-10-09T14:28:47.376Z] >>> [apiv2][query] GET https://firebasehosting.googleapis.com/v1beta1/projects/clone-e2b31/sites 
[debug] [2021-10-09T14:28:47.743Z] <<< [apiv2][status] GET https://firebasehosting.googleapis.com/v1beta1/projects/clone-e2b31/sites 200
[debug] [2021-10-09T14:28:47.743Z] <<< [apiv2][body] GET https://firebasehosting.googleapis.com/v1beta1/projects/clone-e2b31/sites {"sites":[{"name":"projects/218061774845/sites/clone-e2b31","defaultUrl":"https://clone-e2b31.web.app","appId":"1:218061774845:web:ee7bddbca5c30e45484394","type":"DEFAULT_SITE"}]}
[debug] [2021-10-09T14:28:47.744Z] >>> [apiv2][query] GET https://firebase.googleapis.com/v1beta1/projects/clone-e2b31/webApps/1:218061774845:web:ee7bddbca5c30e45484394/config [none]
[debug] [2021-10-09T14:28:48.268Z] <<< [apiv2][status] GET https://firebase.googleapis.com/v1beta1/projects/clone-e2b31/webApps/1:218061774845:web:ee7bddbca5c30e45484394/config 200
[debug] [2021-10-09T14:28:48.268Z] <<< [apiv2][body] GET https://firebase.googleapis.com/v1beta1/projects/clone-e2b31/webApps/1:218061774845:web:ee7bddbca5c30e45484394/config {"projectId":"clone-e2b31","appId":"1:218061774845:web:ee7bddbca5c30e45484394","storageBucket":"clone-e2b31.appspot.com","apiKey":"AIzaSyCS7Tjb58crtxznFOiDFXPvg2s-R_n0O8M","authDomain":"clone-e2b31.firebaseapp.com","messagingSenderId":"218061774845","measurementId":"G-Q9TJRXWXPM"}
[info] i  hosting: Serving hosting files from: build {"metadata":{"emulator":{"name":"hosting"},"message":"Serving hosting files from: \u001b[1mbuild\u001b[22m"}}
[info] ✔  hosting: Local server: http://localhost:5000 {"metadata":{"emulator":{"name":"hosting"},"message":"Local server: \u001b[4m\u001b[1mhttp://localhost:5000\u001b[22m\u001b[24m"}}
[warn] ⚠  ui: Emulator UI unable to start on port 4000, starting on 4001 instead. {"metadata":{"emulator":{"name":"ui"},"message":"Emulator UI unable to start on port 4000, starting on 4001 instead."}}
[debug] [2021-10-09T14:28:48.370Z] Ignoring unsupported arg: auto_download {"metadata":{"emulator":{"name":"ui"},"message":"Ignoring unsupported arg: auto_download"}}
[debug] [2021-10-09T14:28:48.370Z] Ignoring unsupported arg: port {"metadata":{"emulator":{"name":"ui"},"message":"Ignoring unsupported arg: port"}}
[debug] [2021-10-09T14:28:48.370Z] Starting Emulator UI with command {"binary":"node","args":["/Users/kingquanto/.cache/firebase/emulators/ui-v1.6.3/server.bundle.js"],"optionalArgs":[],"joinArgs":false} {"metadata":{"emulator":{"name":"ui"},"message":"Starting Emulator UI with command {\"binary\":\"node\",\"args\":[\"/Users/kingquanto/.cache/firebase/emulators/ui-v1.6.3/server.bundle.js\"],\"optionalArgs\":[],\"joinArgs\":false}"}}
[info] i  ui: Emulator UI logging to ui-debug.log {"metadata":{"emulator":{"name":"ui"},"message":"Emulator UI logging to \u001b[1mui-debug.log\u001b[22m"}}
[debug] [2021-10-09T14:28:48.455Z] Web / API server started at localhost:4001
 {"metadata":{"emulator":{"name":"ui"},"message":"Web / API server started at localhost:4001\n"}}
[info] i  functions: Watching "/Users/kingquanto/Amazon-Clone/amazon-clone/amazon-clone/functions" for Cloud Functions... {"metadata":{"emulator":{"name":"functions"},"message":"Watching \"/Users/kingquanto/Amazon-Clone/amazon-clone/amazon-clone/functions\" for Cloud Functions..."}}
[debug] [2021-10-09T14:28:48.637Z] [worker-pool] addWorker(~diagnostic~) {"metadata":{"emulator":{"name":"functions"},"message":"[worker-pool] addWorker(~diagnostic~)"}}
[debug] [2021-10-09T14:28:48.638Z] [worker-pool] Adding worker with key ~diagnostic~, total=1 {"metadata":{"emulator":{"name":"functions"},"message":"[worker-pool] Adding worker with key ~diagnostic~, total=1"}}
[debug] [2021-10-09T14:28:48.638Z] [worker-pool] submitWork(triggerId=) {"metadata":{"emulator":{"name":"functions"},"message":"[worker-pool] submitWork(triggerId=)"}}
[debug] [2021-10-09T14:28:48.638Z] [worker-~diagnostic~-2bbb5fb6-5c12-4093-8e58-01eb7e9417a7]: Assigning socketPath: /var/folders/nz/cfs7byk10dj2497v4xgnnxxc0000gn/T/fire_emu_31218.sock {"metadata":{"emulator":{"name":"functions"},"message":"[worker-~diagnostic~-2bbb5fb6-5c12-4093-8e58-01eb7e9417a7]: Assigning socketPath: /var/folders/nz/cfs7byk10dj2497v4xgnnxxc0000gn/T/fire_emu_31218.sock"}}
[debug] [2021-10-09T14:28:48.638Z] [worker-~diagnostic~-2bbb5fb6-5c12-4093-8e58-01eb7e9417a7]: BUSY {"metadata":{"emulator":{"name":"functions"},"message":"[worker-~diagnostic~-2bbb5fb6-5c12-4093-8e58-01eb7e9417a7]: BUSY"}}
[debug] [2021-10-09T14:28:48.765Z] [runtime-status] [31218] Functions runtime initialized. {"cwd":"/Users/kingquanto/Amazon-Clone/amazon-clone/amazon-clone/functions","node_version":"12.20.0"} {"metadata":{"emulator":{"name":"functions"},"message":"[runtime-status] [31218] Functions runtime initialized. {\"cwd\":\"/Users/kingquanto/Amazon-Clone/amazon-clone/amazon-clone/functions\",\"node_version\":\"12.20.0\"}"}}
[debug] [2021-10-09T14:28:48.766Z] [runtime-status] [31218] Disabled runtime features: undefined {"metadata":{"emulator":{"name":"functions"},"message":"[runtime-status] [31218] Disabled runtime features: undefined"}}
[debug] [2021-10-09T14:28:48.771Z] [runtime-status] [31218] Resolved module firebase-admin {"declared":true,"installed":true,"version":"9.12.0","resolution":"/Users/kingquanto/Amazon-Clone/amazon-clone/amazon-clone/functions/node_modules/firebase-admin/lib/index.js"} {"metadata":{"emulator":{"name":"functions"},"message":"[runtime-status] [31218] Resolved module firebase-admin {\"declared\":true,\"installed\":true,\"version\":\"9.12.0\",\"resolution\":\"/Users/kingquanto/Amazon-Clone/amazon-clone/amazon-clone/functions/node_modules/firebase-admin/lib/index.js\"}"}}
[debug] [2021-10-09T14:28:48.774Z] [runtime-status] [31218] Resolved module firebase-functions {"declared":true,"installed":true,"version":"3.15.7","resolution":"/Users/kingquanto/Amazon-Clone/amazon-clone/amazon-clone/functions/node_modules/firebase-functions/lib/index.js"} {"metadata":{"emulator":{"name":"functions"},"message":"[runtime-status] [31218] Resolved module firebase-functions {\"declared\":true,\"installed\":true,\"version\":\"3.15.7\",\"resolution\":\"/Users/kingquanto/Amazon-Clone/amazon-clone/amazon-clone/functions/node_modules/firebase-functions/lib/index.js\"}"}}
[debug] [2021-10-09T14:28:48.775Z] [runtime-status] [31218] Outgoing network have been stubbed. [{"name":"http","status":"mocked"},{"name":"http","status":"mocked"},{"name":"https","status":"mocked"},{"name":"https","status":"mocked"},{"name":"net","status":"mocked"}] {"metadata":{"emulator":{"name":"functions"},"message":"[runtime-status] [31218] Outgoing network have been stubbed. [{\"name\":\"http\",\"status\":\"mocked\"},{\"name\":\"http\",\"status\":\"mocked\"},{\"name\":\"https\",\"status\":\"mocked\"},{\"name\":\"https\",\"status\":\"mocked\"},{\"name\":\"net\",\"status\":\"mocked\"}]"}}
[debug] [2021-10-09T14:28:48.776Z] [runtime-status] [31218] Resolved module firebase-functions {"declared":true,"installed":true,"version":"3.15.7","resolution":"/Users/kingquanto/Amazon-Clone/amazon-clone/amazon-clone/functions/node_modules/firebase-functions/lib/index.js"} {"metadata":{"emulator":{"name":"functions"},"message":"[runtime-status] [31218] Resolved module firebase-functions {\"declared\":true,\"installed\":true,\"version\":\"3.15.7\",\"resolution\":\"/Users/kingquanto/Amazon-Clone/amazon-clone/amazon-clone/functions/node_modules/firebase-functions/lib/index.js\"}"}}
[debug] [2021-10-09T14:28:48.818Z] [runtime-status] [31218] Checked functions.config() {"config":{}} {"metadata":{"emulator":{"name":"functions"},"message":"[runtime-status] [31218] Checked functions.config() {\"config\":{}}"}}
[debug] [2021-10-09T14:28:48.818Z] [runtime-status] [31218] firebase-functions has been stubbed. {"functionsResolution":{"declared":true,"installed":true,"version":"3.15.7","resolution":"/Users/kingquanto/Amazon-Clone/amazon-clone/amazon-clone/functions/node_modules/firebase-functions/lib/index.js"}} {"metadata":{"emulator":{"name":"functions"},"message":"[runtime-status] [31218] firebase-functions has been stubbed. {\"functionsResolution\":{\"declared\":true,\"installed\":true,\"version\":\"3.15.7\",\"resolution\":\"/Users/kingquanto/Amazon-Clone/amazon-clone/amazon-clone/functions/node_modules/firebase-functions/lib/index.js\"}}"}}
[debug] [2021-10-09T14:28:48.819Z] [runtime-status] [31218] Resolved module firebase-functions {"declared":true,"installed":true,"version":"3.15.7","resolution":"/Users/kingquanto/Amazon-Clone/amazon-clone/amazon-clone/functions/node_modules/firebase-functions/lib/index.js"} {"metadata":{"emulator":{"name":"functions"},"message":"[runtime-status] [31218] Resolved module firebase-functions {\"declared\":true,\"installed\":true,\"version\":\"3.15.7\",\"resolution\":\"/Users/kingquanto/Amazon-Clone/amazon-clone/amazon-clone/functions/node_modules/firebase-functions/lib/index.js\"}"}}
[debug] [2021-10-09T14:28:48.819Z] [runtime-status] [31218] Resolved module firebase-admin {"declared":true,"installed":true,"version":"9.12.0","resolution":"/Users/kingquanto/Amazon-Clone/amazon-clone/amazon-clone/functions/node_modules/firebase-admin/lib/index.js"} {"metadata":{"emulator":{"name":"functions"},"message":"[runtime-status] [31218] Resolved module firebase-admin {\"declared\":true,\"installed\":true,\"version\":\"9.12.0\",\"resolution\":\"/Users/kingquanto/Amazon-Clone/amazon-clone/amazon-clone/functions/node_modules/firebase-admin/lib/index.js\"}"}}
[debug] [2021-10-09T14:28:48.820Z] [runtime-status] [31218] Resolved module firebase-functions {"declared":true,"installed":true,"version":"3.15.7","resolution":"/Users/kingquanto/Amazon-Clone/amazon-clone/amazon-clone/functions/node_modules/firebase-functions/lib/index.js"} {"metadata":{"emulator":{"name":"functions"},"message":"[runtime-status] [31218] Resolved module firebase-functions {\"declared\":true,\"installed\":true,\"version\":\"3.15.7\",\"resolution\":\"/Users/kingquanto/Amazon-Clone/amazon-clone/amazon-clone/functions/node_modules/firebase-functions/lib/index.js\"}"}}
[debug] [2021-10-09T14:28:48.820Z] [runtime-status] [31218] firebase-admin has been stubbed. {"adminResolution":{"declared":true,"installed":true,"version":"9.12.0","resolution":"/Users/kingquanto/Amazon-Clone/amazon-clone/amazon-clone/functions/node_modules/firebase-admin/lib/index.js"}} {"metadata":{"emulator":{"name":"functions"},"message":"[runtime-status] [31218] firebase-admin has been stubbed. {\"adminResolution\":{\"declared\":true,\"installed\":true,\"version\":\"9.12.0\",\"resolution\":\"/Users/kingquanto/Amazon-Clone/amazon-clone/amazon-clone/functions/node_modules/firebase-admin/lib/index.js\"}}"}}
[info] ✔  functions[us-central1-api]: http function initialized (http://localhost:5001/clone-e2b31/us-central1/api). {"metadata":{"emulator":{"name":"functions"},"message":"\u001b[1mhttp\u001b[22m function initialized (http://localhost:5001/clone-e2b31/us-central1/api)."}}
[info] 
┌─────────────────────────────────────────────────────────────┐
│ ✔  All emulators ready! It is now safe to connect your app. │
│ i  View Emulator UI at http://localhost:4001                │
└─────────────────────────────────────────────────────────────┘

┌───────────┬────────────────┬─────────────────────────────────┐
│ Emulator  │ Host:Port      │ View in Emulator UI             │
├───────────┼────────────────┼─────────────────────────────────┤
│ Functions │ localhost:5001 │ http://localhost:4001/functions │
├───────────┼────────────────┼─────────────────────────────────┤
│ Hosting   │ localhost:5000 │ n/a                             │
└───────────┴────────────────┴─────────────────────────────────┘
  Emulator Hub running at localhost:4400
  Other reserved ports: 4500

Issues? Report them at https://github.com/firebase/firebase-tools/issues and attach the *-debug.log files.
 
[debug] [2021-10-09T14:28:48.967Z] [worker-~diagnostic~-2bbb5fb6-5c12-4093-8e58-01eb7e9417a7]: IDLE {"metadata":{"emulator":{"name":"functions"},"message":"[worker-~diagnostic~-2bbb5fb6-5c12-4093-8e58-01eb7e9417a7]: IDLE"}}
[debug] [2021-10-09T14:30:12.054Z] File /Users/kingquanto/Amazon-Clone/amazon-clone/amazon-clone/functions/index.js changed, reloading triggers {"metadata":{"emulator":{"name":"functions"},"message":"File /Users/kingquanto/Amazon-Clone/amazon-clone/amazon-clone/functions/index.js changed, reloading triggers"}}
[debug] [2021-10-09T14:30:13.057Z] [worker-pool] Shutting down IDLE worker (~diagnostic~) {"metadata":{"emulator":{"name":"functions"},"message":"[worker-pool] Shutting down IDLE worker (~diagnostic~)"}}
[debug] [2021-10-09T14:30:13.057Z] [worker-~diagnostic~-2bbb5fb6-5c12-4093-8e58-01eb7e9417a7]: FINISHING {"metadata":{"emulator":{"name":"functions"},"message":"[worker-~diagnostic~-2bbb5fb6-5c12-4093-8e58-01eb7e9417a7]: FINISHING"}}
[debug] [2021-10-09T14:30:13.063Z] [worker-pool] addWorker(~diagnostic~) {"metadata":{"emulator":{"name":"functions"},"message":"[worker-pool] addWorker(~diagnostic~)"}}
[debug] [2021-10-09T14:30:13.064Z] [worker-pool] Adding worker with key ~diagnostic~, total=2 {"metadata":{"emulator":{"name":"functions"},"message":"[worker-pool] Adding worker with key ~diagnostic~, total=2"}}
[debug] [2021-10-09T14:30:13.064Z] [worker-pool] submitWork(triggerId=) {"metadata":{"emulator":{"name":"functions"},"message":"[worker-pool] submitWork(triggerId=)"}}
[debug] [2021-10-09T14:30:13.064Z] [worker-~diagnostic~-d475d693-e380-4ae5-b632-41348a802370]: Assigning socketPath: /var/folders/nz/cfs7byk10dj2497v4xgnnxxc0000gn/T/fire_emu_31279.sock {"metadata":{"emulator":{"name":"functions"},"message":"[worker-~diagnostic~-d475d693-e380-4ae5-b632-41348a802370]: Assigning socketPath: /var/folders/nz/cfs7byk10dj2497v4xgnnxxc0000gn/T/fire_emu_31279.sock"}}
[debug] [2021-10-09T14:30:13.064Z] [worker-~diagnostic~-d475d693-e380-4ae5-b632-41348a802370]: BUSY {"metadata":{"emulator":{"name":"functions"},"message":"[worker-~diagnostic~-d475d693-e380-4ae5-b632-41348a802370]: BUSY"}}
[debug] [2021-10-09T14:30:13.065Z] [worker-~diagnostic~-2bbb5fb6-5c12-4093-8e58-01eb7e9417a7]: exited {"metadata":{"emulator":{"name":"functions"},"message":"[worker-~diagnostic~-2bbb5fb6-5c12-4093-8e58-01eb7e9417a7]: exited"}}
[debug] [2021-10-09T14:30:13.065Z] [worker-~diagnostic~-2bbb5fb6-5c12-4093-8e58-01eb7e9417a7]: FINISHED {"metadata":{"emulator":{"name":"functions"},"message":"[worker-~diagnostic~-2bbb5fb6-5c12-4093-8e58-01eb7e9417a7]: FINISHED"}}
[debug] [2021-10-09T14:30:13.220Z] [runtime-status] [31279] Functions runtime initialized. {"cwd":"/Users/kingquanto/Amazon-Clone/amazon-clone/amazon-clone/functions","node_version":"12.20.0"} {"metadata":{"emulator":{"name":"functions"},"message":"[runtime-status] [31279] Functions runtime initialized. {\"cwd\":\"/Users/kingquanto/Amazon-Clone/amazon-clone/amazon-clone/functions\",\"node_version\":\"12.20.0\"}"}}
[debug] [2021-10-09T14:30:13.222Z] [runtime-status] [31279] Disabled runtime features: undefined {"metadata":{"emulator":{"name":"functions"},"message":"[runtime-status] [31279] Disabled runtime features: undefined"}}
[debug] [2021-10-09T14:30:13.225Z] [runtime-status] [31279] Resolved module firebase-admin {"declared":true,"installed":true,"version":"9.12.0","resolution":"/Users/kingquanto/Amazon-Clone/amazon-clone/amazon-clone/functions/node_modules/firebase-admin/lib/index.js"} {"metadata":{"emulator":{"name":"functions"},"message":"[runtime-status] [31279] Resolved module firebase-admin {\"declared\":true,\"installed\":true,\"version\":\"9.12.0\",\"resolution\":\"/Users/kingquanto/Amazon-Clone/amazon-clone/amazon-clone/functions/node_modules/firebase-admin/lib/index.js\"}"}}
[debug] [2021-10-09T14:30:13.228Z] [runtime-status] [31279] Resolved module firebase-functions {"declared":true,"installed":true,"version":"3.15.7","resolution":"/Users/kingquanto/Amazon-Clone/amazon-clone/amazon-clone/functions/node_modules/firebase-functions/lib/index.js"} {"metadata":{"emulator":{"name":"functions"},"message":"[runtime-status] [31279] Resolved module firebase-functions {\"declared\":true,\"installed\":true,\"version\":\"3.15.7\",\"resolution\":\"/Users/kingquanto/Amazon-Clone/amazon-clone/amazon-clone/functions/node_modules/firebase-functions/lib/index.js\"}"}}
[debug] [2021-10-09T14:30:13.229Z] [runtime-status] [31279] Outgoing network have been stubbed. [{"name":"http","status":"mocked"},{"name":"http","status":"mocked"},{"name":"https","status":"mocked"},{"name":"https","status":"mocked"},{"name":"net","status":"mocked"}] {"metadata":{"emulator":{"name":"functions"},"message":"[runtime-status] [31279] Outgoing network have been stubbed. [{\"name\":\"http\",\"status\":\"mocked\"},{\"name\":\"http\",\"status\":\"mocked\"},{\"name\":\"https\",\"status\":\"mocked\"},{\"name\":\"https\",\"status\":\"mocked\"},{\"name\":\"net\",\"status\":\"mocked\"}]"}}
[debug] [2021-10-09T14:30:13.230Z] [runtime-status] [31279] Resolved module firebase-functions {"declared":true,"installed":true,"version":"3.15.7","resolution":"/Users/kingquanto/Amazon-Clone/amazon-clone/amazon-clone/functions/node_modules/firebase-functions/lib/index.js"} {"metadata":{"emulator":{"name":"functions"},"message":"[runtime-status] [31279] Resolved module firebase-functions {\"declared\":true,\"installed\":true,\"version\":\"3.15.7\",\"resolution\":\"/Users/kingquanto/Amazon-Clone/amazon-clone/amazon-clone/functions/node_modules/firebase-functions/lib/index.js\"}"}}
[debug] [2021-10-09T14:30:13.270Z] [runtime-status] [31279] Checked functions.config() {"config":{}} {"metadata":{"emulator":{"name":"functions"},"message":"[runtime-status] [31279] Checked functions.config() {\"config\":{}}"}}
[debug] [2021-10-09T14:30:13.270Z] [runtime-status] [31279] firebase-functions has been stubbed. {"functionsResolution":{"declared":true,"installed":true,"version":"3.15.7","resolution":"/Users/kingquanto/Amazon-Clone/amazon-clone/amazon-clone/functions/node_modules/firebase-functions/lib/index.js"}} {"metadata":{"emulator":{"name":"functions"},"message":"[runtime-status] [31279] firebase-functions has been stubbed. {\"functionsResolution\":{\"declared\":true,\"installed\":true,\"version\":\"3.15.7\",\"resolution\":\"/Users/kingquanto/Amazon-Clone/amazon-clone/amazon-clone/functions/node_modules/firebase-functions/lib/index.js\"}}"}}
[debug] [2021-10-09T14:30:13.271Z] [runtime-status] [31279] Resolved module firebase-functions {"declared":true,"installed":true,"version":"3.15.7","resolution":"/Users/kingquanto/Amazon-Clone/amazon-clone/amazon-clone/functions/node_modules/firebase-functions/lib/index.js"} {"metadata":{"emulator":{"name":"functions"},"message":"[runtime-status] [31279] Resolved module firebase-functions {\"declared\":true,\"installed\":true,\"version\":\"3.15.7\",\"resolution\":\"/Users/kingquanto/Amazon-Clone/amazon-clone/amazon-clone/functions/node_modules/firebase-functions/lib/index.js\"}"}}
[debug] [2021-10-09T14:30:13.272Z] [runtime-status] [31279] Resolved module firebase-admin {"declared":true,"installed":true,"version":"9.12.0","resolution":"/Users/kingquanto/Amazon-Clone/amazon-clone/amazon-clone/functions/node_modules/firebase-admin/lib/index.js"} {"metadata":{"emulator":{"name":"functions"},"message":"[runtime-status] [31279] Resolved module firebase-admin {\"declared\":true,\"installed\":true,\"version\":\"9.12.0\",\"resolution\":\"/Users/kingquanto/Amazon-Clone/amazon-clone/amazon-clone/functions/node_modules/firebase-admin/lib/index.js\"}"}}
[debug] [2021-10-09T14:30:13.272Z] [runtime-status] [31279] Resolved module firebase-functions {"declared":true,"installed":true,"version":"3.15.7","resolution":"/Users/kingquanto/Amazon-Clone/amazon-clone/amazon-clone/functions/node_modules/firebase-functions/lib/index.js"} {"metadata":{"emulator":{"name":"functions"},"message":"[runtime-status] [31279] Resolved module firebase-functions {\"declared\":true,\"installed\":true,\"version\":\"3.15.7\",\"resolution\":\"/Users/kingquanto/Amazon-Clone/amazon-clone/amazon-clone/functions/node_modules/firebase-functions/lib/index.js\"}"}}
[debug] [2021-10-09T14:30:13.273Z] [runtime-status] [31279] firebase-admin has been stubbed. {"adminResolution":{"declared":true,"installed":true,"version":"9.12.0","resolution":"/Users/kingquanto/Amazon-Clone/amazon-clone/amazon-clone/functions/node_modules/firebase-admin/lib/index.js"}} {"metadata":{"emulator":{"name":"functions"},"message":"[runtime-status] [31279] firebase-admin has been stubbed. {\"adminResolution\":{\"declared\":true,\"installed\":true,\"version\":\"9.12.0\",\"resolution\":\"/Users/kingquanto/Amazon-Clone/amazon-clone/amazon-clone/functions/node_modules/firebase-admin/lib/index.js\"}}"}}
[debug] [2021-10-09T14:30:13.396Z] [worker-~diagnostic~-d475d693-e380-4ae5-b632-41348a802370]: IDLE {"metadata":{"emulator":{"name":"functions"},"message":"[worker-~diagnostic~-d475d693-e380-4ae5-b632-41348a802370]: IDLE"}}
[debug] [2021-10-09T14:30:30.200Z] [work-queue] {"queueLength":1,"workRunningCount":0}
[debug] [2021-10-09T14:30:30.201Z] [work-queue] {"queueLength":0,"workRunningCount":1}
[debug] [2021-10-09T14:30:30.201Z] Accepted request GET /clone-e2b31/us-central1/api --> us-central1-api
[debug] [2021-10-09T14:30:30.202Z] [worker-pool] Cleaned up workers for ~diagnostic~: 2 --> 1 {"metadata":{"emulator":{"name":"functions"},"message":"[worker-pool] Cleaned up workers for ~diagnostic~: 2 --> 1"}}
[debug] [2021-10-09T14:30:30.205Z] [worker-pool] addWorker(us-central1-api) {"metadata":{"emulator":{"name":"functions"},"message":"[worker-pool] addWorker(us-central1-api)"}}
[debug] [2021-10-09T14:30:30.206Z] [worker-pool] Adding worker with key us-central1-api, total=1 {"metadata":{"emulator":{"name":"functions"},"message":"[worker-pool] Adding worker with key us-central1-api, total=1"}}
[debug] [2021-10-09T14:30:30.206Z] [worker-pool] submitWork(triggerId=us-central1-api) {"metadata":{"emulator":{"name":"functions"},"message":"[worker-pool] submitWork(triggerId=us-central1-api)"}}
[debug] [2021-10-09T14:30:30.206Z] [worker-us-central1-api-6ebfdd3d-5468-48c1-b69e-c89fc49c0cfc]: Assigning socketPath: /var/folders/nz/cfs7byk10dj2497v4xgnnxxc0000gn/T/fire_emu_31292.sock {"metadata":{"emulator":{"name":"functions"},"message":"[worker-us-central1-api-6ebfdd3d-5468-48c1-b69e-c89fc49c0cfc]: Assigning socketPath: /var/folders/nz/cfs7byk10dj2497v4xgnnxxc0000gn/T/fire_emu_31292.sock"}}
[debug] [2021-10-09T14:30:30.206Z] [worker-us-central1-api-6ebfdd3d-5468-48c1-b69e-c89fc49c0cfc]: BUSY {"metadata":{"emulator":{"name":"functions"},"message":"[worker-us-central1-api-6ebfdd3d-5468-48c1-b69e-c89fc49c0cfc]: BUSY"}}
[debug] [2021-10-09T14:30:30.393Z] [runtime-status] [31292] Functions runtime initialized. {"cwd":"/Users/kingquanto/Amazon-Clone/amazon-clone/amazon-clone/functions","node_version":"12.20.0"} {"metadata":{"emulator":{"name":"functions"},"function":{"name":"us-central1-api"},"message":"[runtime-status] [31292] Functions runtime initialized. {\"cwd\":\"/Users/kingquanto/Amazon-Clone/amazon-clone/amazon-clone/functions\",\"node_version\":\"12.20.0\"}"}}
[debug] [2021-10-09T14:30:30.394Z] [runtime-status] [31292] Disabled runtime features: undefined {"metadata":{"emulator":{"name":"functions"},"function":{"name":"us-central1-api"},"message":"[runtime-status] [31292] Disabled runtime features: undefined"}}
[debug] [2021-10-09T14:30:30.397Z] [runtime-status] [31292] Resolved module firebase-admin {"declared":true,"installed":true,"version":"9.12.0","resolution":"/Users/kingquanto/Amazon-Clone/amazon-clone/amazon-clone/functions/node_modules/firebase-admin/lib/index.js"} {"metadata":{"emulator":{"name":"functions"},"function":{"name":"us-central1-api"},"message":"[runtime-status] [31292] Resolved module firebase-admin {\"declared\":true,\"installed\":true,\"version\":\"9.12.0\",\"resolution\":\"/Users/kingquanto/Amazon-Clone/amazon-clone/amazon-clone/functions/node_modules/firebase-admin/lib/index.js\"}"}}
[debug] [2021-10-09T14:30:30.400Z] [runtime-status] [31292] Resolved module firebase-functions {"declared":true,"installed":true,"version":"3.15.7","resolution":"/Users/kingquanto/Amazon-Clone/amazon-clone/amazon-clone/functions/node_modules/firebase-functions/lib/index.js"} {"metadata":{"emulator":{"name":"functions"},"function":{"name":"us-central1-api"},"message":"[runtime-status] [31292] Resolved module firebase-functions {\"declared\":true,\"installed\":true,\"version\":\"3.15.7\",\"resolution\":\"/Users/kingquanto/Amazon-Clone/amazon-clone/amazon-clone/functions/node_modules/firebase-functions/lib/index.js\"}"}}
[debug] [2021-10-09T14:30:30.401Z] [runtime-status] [31292] Outgoing network have been stubbed. [{"name":"http","status":"mocked"},{"name":"http","status":"mocked"},{"name":"https","status":"mocked"},{"name":"https","status":"mocked"},{"name":"net","status":"mocked"}] {"metadata":{"emulator":{"name":"functions"},"function":{"name":"us-central1-api"},"message":"[runtime-status] [31292] Outgoing network have been stubbed. [{\"name\":\"http\",\"status\":\"mocked\"},{\"name\":\"http\",\"status\":\"mocked\"},{\"name\":\"https\",\"status\":\"mocked\"},{\"name\":\"https\",\"status\":\"mocked\"},{\"name\":\"net\",\"status\":\"mocked\"}]"}}
[debug] [2021-10-09T14:30:30.402Z] [runtime-status] [31292] Resolved module firebase-functions {"declared":true,"installed":true,"version":"3.15.7","resolution":"/Users/kingquanto/Amazon-Clone/amazon-clone/amazon-clone/functions/node_modules/firebase-functions/lib/index.js"} {"metadata":{"emulator":{"name":"functions"},"function":{"name":"us-central1-api"},"message":"[runtime-status] [31292] Resolved module firebase-functions {\"declared\":true,\"installed\":true,\"version\":\"3.15.7\",\"resolution\":\"/Users/kingquanto/Amazon-Clone/amazon-clone/amazon-clone/functions/node_modules/firebase-functions/lib/index.js\"}"}}
[debug] [2021-10-09T14:30:30.444Z] [runtime-status] [31292] Checked functions.config() {"config":{}} {"metadata":{"emulator":{"name":"functions"},"function":{"name":"us-central1-api"},"message":"[runtime-status] [31292] Checked functions.config() {\"config\":{}}"}}
[debug] [2021-10-09T14:30:30.445Z] [runtime-status] [31292] firebase-functions has been stubbed. {"functionsResolution":{"declared":true,"installed":true,"version":"3.15.7","resolution":"/Users/kingquanto/Amazon-Clone/amazon-clone/amazon-clone/functions/node_modules/firebase-functions/lib/index.js"}} {"metadata":{"emulator":{"name":"functions"},"function":{"name":"us-central1-api"},"message":"[runtime-status] [31292] firebase-functions has been stubbed. {\"functionsResolution\":{\"declared\":true,\"installed\":true,\"version\":\"3.15.7\",\"resolution\":\"/Users/kingquanto/Amazon-Clone/amazon-clone/amazon-clone/functions/node_modules/firebase-functions/lib/index.js\"}}"}}
[debug] [2021-10-09T14:30:30.446Z] [runtime-status] [31292] Resolved module firebase-functions {"declared":true,"installed":true,"version":"3.15.7","resolution":"/Users/kingquanto/Amazon-Clone/amazon-clone/amazon-clone/functions/node_modules/firebase-functions/lib/index.js"} {"metadata":{"emulator":{"name":"functions"},"function":{"name":"us-central1-api"},"message":"[runtime-status] [31292] Resolved module firebase-functions {\"declared\":true,\"installed\":true,\"version\":\"3.15.7\",\"resolution\":\"/Users/kingquanto/Amazon-Clone/amazon-clone/amazon-clone/functions/node_modules/firebase-functions/lib/index.js\"}"}}
[debug] [2021-10-09T14:30:30.446Z] [runtime-status] [31292] Resolved module firebase-admin {"declared":true,"installed":true,"version":"9.12.0","resolution":"/Users/kingquanto/Amazon-Clone/amazon-clone/amazon-clone/functions/node_modules/firebase-admin/lib/index.js"} {"metadata":{"emulator":{"name":"functions"},"function":{"name":"us-central1-api"},"message":"[runtime-status] [31292] Resolved module firebase-admin {\"declared\":true,\"installed\":true,\"version\":\"9.12.0\",\"resolution\":\"/Users/kingquanto/Amazon-Clone/amazon-clone/amazon-clone/functions/node_modules/firebase-admin/lib/index.js\"}"}}
[debug] [2021-10-09T14:30:30.446Z] [runtime-status] [31292] Resolved module firebase-functions {"declared":true,"installed":true,"version":"3.15.7","resolution":"/Users/kingquanto/Amazon-Clone/amazon-clone/amazon-clone/functions/node_modules/firebase-functions/lib/index.js"} {"metadata":{"emulator":{"name":"functions"},"function":{"name":"us-central1-api"},"message":"[runtime-status] [31292] Resolved module firebase-functions {\"declared\":true,\"installed\":true,\"version\":\"3.15.7\",\"resolution\":\"/Users/kingquanto/Amazon-Clone/amazon-clone/amazon-clone/functions/node_modules/firebase-functions/lib/index.js\"}"}}
[debug] [2021-10-09T14:30:30.446Z] [runtime-status] [31292] firebase-admin has been stubbed. {"adminResolution":{"declared":true,"installed":true,"version":"9.12.0","resolution":"/Users/kingquanto/Amazon-Clone/amazon-clone/amazon-clone/functions/node_modules/firebase-admin/lib/index.js"}} {"metadata":{"emulator":{"name":"functions"},"function":{"name":"us-central1-api"},"message":"[runtime-status] [31292] firebase-admin has been stubbed. {\"adminResolution\":{\"declared\":true,\"installed\":true,\"version\":\"9.12.0\",\"resolution\":\"/Users/kingquanto/Amazon-Clone/amazon-clone/amazon-clone/functions/node_modules/firebase-admin/lib/index.js\"}}"}}
[debug] [2021-10-09T14:30:30.574Z] [runtime-status] [31292] Trigger "us-central1-api" has been found, beginning invocation! {"metadata":{"emulator":{"name":"functions"},"function":{"name":"us-central1-api"},"message":"[runtime-status] [31292] Trigger \"us-central1-api\" has been found, beginning invocation!"}}
[info] i  functions: Beginning execution of "us-central1-api" {"metadata":{"emulator":{"name":"functions"},"function":{"name":"us-central1-api"},"message":"Beginning execution of \"us-central1-api\""}}
[debug] [2021-10-09T14:30:30.575Z] [runtime-status] [31292] triggerDefinition {"httpsTrigger":{},"name":"api","entryPoint":"api","regions":["us-central1"],"region":"us-central1","id":"us-central1-api"} {"metadata":{"emulator":{"name":"functions"},"function":{"name":"us-central1-api"},"message":"[runtime-status] [31292] triggerDefinition {\"httpsTrigger\":{},\"name\":\"api\",\"entryPoint\":\"api\",\"regions\":[\"us-central1\"],\"region\":\"us-central1\",\"id\":\"us-central1-api\"}"}}
[debug] [2021-10-09T14:30:30.575Z] [runtime-status] [31292] Running us-central1-api in signature http {"metadata":{"emulator":{"name":"functions"},"function":{"name":"us-central1-api"},"message":"[runtime-status] [31292] Running us-central1-api in signature http"}}
[debug] [2021-10-09T14:30:30.579Z] [runtime-status] [31292] Attempting to listen to socketPath: /var/folders/nz/cfs7byk10dj2497v4xgnnxxc0000gn/T/fire_emu_31292.sock {"metadata":{"emulator":{"name":"functions"},"function":{"name":"us-central1-api"},"message":"[runtime-status] [31292] Attempting to listen to socketPath: /var/folders/nz/cfs7byk10dj2497v4xgnnxxc0000gn/T/fire_emu_31292.sock"}}
[debug] [2021-10-09T14:30:30.581Z] [functions] Runtime ready! Sending request! {"metadata":{"emulator":{"name":"functions"},"message":"[functions] Runtime ready! Sending request!"}}
[debug] [2021-10-09T14:30:30.582Z] [functions] Got req.url=/clone-e2b31/us-central1/api, mapping to path=/ {"metadata":{"emulator":{"name":"functions"},"message":"[functions] Got req.url=/clone-e2b31/us-central1/api, mapping to path=/"}}
[debug] [2021-10-09T14:30:30.588Z] [runtime-status] [31292] Ephemeral server handling GET request {"metadata":{"emulator":{"name":"functions"},"function":{"name":"us-central1-api"},"message":"[runtime-status] [31292] Ephemeral server handling GET request"}}
[debug] [2021-10-09T14:30:30.595Z] [runtime-status] [31292] Ephemeral server survived. {"metadata":{"emulator":{"name":"functions"},"function":{"name":"us-central1-api"},"message":"[runtime-status] [31292] Ephemeral server survived."}}
[info] i  functions: Finished "us-central1-api" in ~1s {"metadata":{"emulator":{"name":"functions"},"function":{"name":"us-central1-api"},"message":"Finished \"us-central1-api\" in ~1s"}}
[debug] [2021-10-09T14:30:30.601Z] [worker-us-central1-api-6ebfdd3d-5468-48c1-b69e-c89fc49c0cfc]: IDLE {"metadata":{"emulator":{"name":"functions"},"message":"[worker-us-central1-api-6ebfdd3d-5468-48c1-b69e-c89fc49c0cfc]: IDLE"}}
[debug] [2021-10-09T14:30:30.601Z] [work-queue] {"queueLength":0,"workRunningCount":0}
[debug] [2021-10-09T14:33:15.170Z] File /Users/kingquanto/Amazon-Clone/amazon-clone/amazon-clone/functions/index.js changed, reloading triggers {"metadata":{"emulator":{"name":"functions"},"message":"File /Users/kingquanto/Amazon-Clone/amazon-clone/amazon-clone/functions/index.js changed, reloading triggers"}}
[debug] [2021-10-09T14:33:16.170Z] [worker-pool] Shutting down IDLE worker (~diagnostic~) {"metadata":{"emulator":{"name":"functions"},"message":"[worker-pool] Shutting down IDLE worker (~diagnostic~)"}}
[debug] [2021-10-09T14:33:16.171Z] [worker-~diagnostic~-d475d693-e380-4ae5-b632-41348a802370]: FINISHING {"metadata":{"emulator":{"name":"functions"},"message":"[worker-~diagnostic~-d475d693-e380-4ae5-b632-41348a802370]: FINISHING"}}
[debug] [2021-10-09T14:33:16.171Z] [worker-pool] Shutting down IDLE worker (us-central1-api) {"metadata":{"emulator":{"name":"functions"},"message":"[worker-pool] Shutting down IDLE worker (us-central1-api)"}}
[debug] [2021-10-09T14:33:16.171Z] [worker-us-central1-api-6ebfdd3d-5468-48c1-b69e-c89fc49c0cfc]: FINISHING {"metadata":{"emulator":{"name":"functions"},"message":"[worker-us-central1-api-6ebfdd3d-5468-48c1-b69e-c89fc49c0cfc]: FINISHING"}}
[debug] [2021-10-09T14:33:16.179Z] [worker-pool] addWorker(~diagnostic~) {"metadata":{"emulator":{"name":"functions"},"message":"[worker-pool] addWorker(~diagnostic~)"}}
[debug] [2021-10-09T14:33:16.180Z] [worker-pool] Adding worker with key ~diagnostic~, total=2 {"metadata":{"emulator":{"name":"functions"},"message":"[worker-pool] Adding worker with key ~diagnostic~, total=2"}}
[debug] [2021-10-09T14:33:16.180Z] [worker-pool] submitWork(triggerId=) {"metadata":{"emulator":{"name":"functions"},"message":"[worker-pool] submitWork(triggerId=)"}}
[debug] [2021-10-09T14:33:16.180Z] [worker-~diagnostic~-d00901c4-7d33-44a4-80e7-b9c615d927b8]: Assigning socketPath: /var/folders/nz/cfs7byk10dj2497v4xgnnxxc0000gn/T/fire_emu_31366.sock {"metadata":{"emulator":{"name":"functions"},"message":"[worker-~diagnostic~-d00901c4-7d33-44a4-80e7-b9c615d927b8]: Assigning socketPath: /var/folders/nz/cfs7byk10dj2497v4xgnnxxc0000gn/T/fire_emu_31366.sock"}}
[debug] [2021-10-09T14:33:16.180Z] [worker-~diagnostic~-d00901c4-7d33-44a4-80e7-b9c615d927b8]: BUSY {"metadata":{"emulator":{"name":"functions"},"message":"[worker-~diagnostic~-d00901c4-7d33-44a4-80e7-b9c615d927b8]: BUSY"}}
[debug] [2021-10-09T14:33:16.181Z] [worker-~diagnostic~-d475d693-e380-4ae5-b632-41348a802370]: exited {"metadata":{"emulator":{"name":"functions"},"message":"[worker-~diagnostic~-d475d693-e380-4ae5-b632-41348a802370]: exited"}}
[debug] [2021-10-09T14:33:16.181Z] [worker-~diagnostic~-d475d693-e380-4ae5-b632-41348a802370]: FINISHED {"metadata":{"emulator":{"name":"functions"},"message":"[worker-~diagnostic~-d475d693-e380-4ae5-b632-41348a802370]: FINISHED"}}
[debug] [2021-10-09T14:33:16.181Z] [worker-us-central1-api-6ebfdd3d-5468-48c1-b69e-c89fc49c0cfc]: exited {"metadata":{"emulator":{"name":"functions"},"message":"[worker-us-central1-api-6ebfdd3d-5468-48c1-b69e-c89fc49c0cfc]: exited"}}
[debug] [2021-10-09T14:33:16.181Z] [worker-us-central1-api-6ebfdd3d-5468-48c1-b69e-c89fc49c0cfc]: FINISHED {"metadata":{"emulator":{"name":"functions"},"message":"[worker-us-central1-api-6ebfdd3d-5468-48c1-b69e-c89fc49c0cfc]: FINISHED"}}
[debug] [2021-10-09T14:33:16.333Z] [runtime-status] [31366] Functions runtime initialized. {"cwd":"/Users/kingquanto/Amazon-Clone/amazon-clone/amazon-clone/functions","node_version":"12.20.0"} {"metadata":{"emulator":{"name":"functions"},"message":"[runtime-status] [31366] Functions runtime initialized. {\"cwd\":\"/Users/kingquanto/Amazon-Clone/amazon-clone/amazon-clone/functions\",\"node_version\":\"12.20.0\"}"}}
[debug] [2021-10-09T14:33:16.334Z] [runtime-status] [31366] Disabled runtime features: undefined {"metadata":{"emulator":{"name":"functions"},"message":"[runtime-status] [31366] Disabled runtime features: undefined"}}
[debug] [2021-10-09T14:33:16.337Z] [runtime-status] [31366] Resolved module firebase-admin {"declared":true,"installed":true,"version":"9.12.0","resolution":"/Users/kingquanto/Amazon-Clone/amazon-clone/amazon-clone/functions/node_modules/firebase-admin/lib/index.js"} {"metadata":{"emulator":{"name":"functions"},"message":"[runtime-status] [31366] Resolved module firebase-admin {\"declared\":true,\"installed\":true,\"version\":\"9.12.0\",\"resolution\":\"/Users/kingquanto/Amazon-Clone/amazon-clone/amazon-clone/functions/node_modules/firebase-admin/lib/index.js\"}"}}
[debug] [2021-10-09T14:33:16.339Z] [runtime-status] [31366] Resolved module firebase-functions {"declared":true,"installed":true,"version":"3.15.7","resolution":"/Users/kingquanto/Amazon-Clone/amazon-clone/amazon-clone/functions/node_modules/firebase-functions/lib/index.js"} {"metadata":{"emulator":{"name":"functions"},"message":"[runtime-status] [31366] Resolved module firebase-functions {\"declared\":true,\"installed\":true,\"version\":\"3.15.7\",\"resolution\":\"/Users/kingquanto/Amazon-Clone/amazon-clone/amazon-clone/functions/node_modules/firebase-functions/lib/index.js\"}"}}
[debug] [2021-10-09T14:33:16.341Z] [runtime-status] [31366] Outgoing network have been stubbed. [{"name":"http","status":"mocked"},{"name":"http","status":"mocked"},{"name":"https","status":"mocked"},{"name":"https","status":"mocked"},{"name":"net","status":"mocked"}] {"metadata":{"emulator":{"name":"functions"},"message":"[runtime-status] [31366] Outgoing network have been stubbed. [{\"name\":\"http\",\"status\":\"mocked\"},{\"name\":\"http\",\"status\":\"mocked\"},{\"name\":\"https\",\"status\":\"mocked\"},{\"name\":\"https\",\"status\":\"mocked\"},{\"name\":\"net\",\"status\":\"mocked\"}]"}}
[debug] [2021-10-09T14:33:16.341Z] [runtime-status] [31366] Resolved module firebase-functions {"declared":true,"installed":true,"version":"3.15.7","resolution":"/Users/kingquanto/Amazon-Clone/amazon-clone/amazon-clone/functions/node_modules/firebase-functions/lib/index.js"} {"metadata":{"emulator":{"name":"functions"},"message":"[runtime-status] [31366] Resolved module firebase-functions {\"declared\":true,\"installed\":true,\"version\":\"3.15.7\",\"resolution\":\"/Users/kingquanto/Amazon-Clone/amazon-clone/amazon-clone/functions/node_modules/firebase-functions/lib/index.js\"}"}}
[debug] [2021-10-09T14:33:16.385Z] [runtime-status] [31366] Checked functions.config() {"config":{}} {"metadata":{"emulator":{"name":"functions"},"message":"[runtime-status] [31366] Checked functions.config() {\"config\":{}}"}}
[debug] [2021-10-09T14:33:16.386Z] [runtime-status] [31366] firebase-functions has been stubbed. {"functionsResolution":{"declared":true,"installed":true,"version":"3.15.7","resolution":"/Users/kingquanto/Amazon-Clone/amazon-clone/amazon-clone/functions/node_modules/firebase-functions/lib/index.js"}} {"metadata":{"emulator":{"name":"functions"},"message":"[runtime-status] [31366] firebase-functions has been stubbed. {\"functionsResolution\":{\"declared\":true,\"installed\":true,\"version\":\"3.15.7\",\"resolution\":\"/Users/kingquanto/Amazon-Clone/amazon-clone/amazon-clone/functions/node_modules/firebase-functions/lib/index.js\"}}"}}
[debug] [2021-10-09T14:33:16.386Z] [runtime-status] [31366] Resolved module firebase-functions {"declared":true,"installed":true,"version":"3.15.7","resolution":"/Users/kingquanto/Amazon-Clone/amazon-clone/amazon-clone/functions/node_modules/firebase-functions/lib/index.js"} {"metadata":{"emulator":{"name":"functions"},"message":"[runtime-status] [31366] Resolved module firebase-functions {\"declared\":true,\"installed\":true,\"version\":\"3.15.7\",\"resolution\":\"/Users/kingquanto/Amazon-Clone/amazon-clone/amazon-clone/functions/node_modules/firebase-functions/lib/index.js\"}"}}
[debug] [2021-10-09T14:33:16.387Z] [runtime-status] [31366] Resolved module firebase-admin {"declared":true,"installed":true,"version":"9.12.0","resolution":"/Users/kingquanto/Amazon-Clone/amazon-clone/amazon-clone/functions/node_modules/firebase-admin/lib/index.js"} {"metadata":{"emulator":{"name":"functions"},"message":"[runtime-status] [31366] Resolved module firebase-admin {\"declared\":true,\"installed\":true,\"version\":\"9.12.0\",\"resolution\":\"/Users/kingquanto/Amazon-Clone/amazon-clone/amazon-clone/functions/node_modules/firebase-admin/lib/index.js\"}"}}
[debug] [2021-10-09T14:33:16.389Z] [runtime-status] [31366] Resolved module firebase-functions {"declared":true,"installed":true,"version":"3.15.7","resolution":"/Users/kingquanto/Amazon-Clone/amazon-clone/amazon-clone/functions/node_modules/firebase-functions/lib/index.js"} {"metadata":{"emulator":{"name":"functions"},"message":"[runtime-status] [31366] Resolved module firebase-functions {\"declared\":true,\"installed\":true,\"version\":\"3.15.7\",\"resolution\":\"/Users/kingquanto/Amazon-Clone/amazon-clone/amazon-clone/functions/node_modules/firebase-functions/lib/index.js\"}"}}
[debug] [2021-10-09T14:33:16.389Z] [runtime-status] [31366] firebase-admin has been stubbed. {"adminResolution":{"declared":true,"installed":true,"version":"9.12.0","resolution":"/Users/kingquanto/Amazon-Clone/amazon-clone/amazon-clone/functions/node_modules/firebase-admin/lib/index.js"}} {"metadata":{"emulator":{"name":"functions"},"message":"[runtime-status] [31366] firebase-admin has been stubbed. {\"adminResolution\":{\"declared\":true,\"installed\":true,\"version\":\"9.12.0\",\"resolution\":\"/Users/kingquanto/Amazon-Clone/amazon-clone/amazon-clone/functions/node_modules/firebase-admin/lib/index.js\"}}"}}
[debug] [2021-10-09T14:33:16.515Z] [worker-~diagnostic~-d00901c4-7d33-44a4-80e7-b9c615d927b8]: IDLE {"metadata":{"emulator":{"name":"functions"},"message":"[worker-~diagnostic~-d00901c4-7d33-44a4-80e7-b9c615d927b8]: IDLE"}}
[debug] [2021-10-09T14:39:39.029Z] [work-queue] {"queueLength":1,"workRunningCount":0}
[debug] [2021-10-09T14:39:39.030Z] [work-queue] {"queueLength":0,"workRunningCount":1}
[debug] [2021-10-09T14:39:39.031Z] Accepted request POST /clone-e2b31/us-central1/api/payments/create?total=34085 --> us-central1-api
[debug] [2021-10-09T14:39:39.032Z] [worker-pool] Cleaned up workers for ~diagnostic~: 2 --> 1 {"metadata":{"emulator":{"name":"functions"},"message":"[worker-pool] Cleaned up workers for ~diagnostic~: 2 --> 1"}}
[debug] [2021-10-09T14:39:39.032Z] [worker-pool] Cleaned up workers for us-central1-api: 1 --> 0 {"metadata":{"emulator":{"name":"functions"},"message":"[worker-pool] Cleaned up workers for us-central1-api: 1 --> 0"}}
[debug] [2021-10-09T14:39:39.037Z] [worker-pool] addWorker(us-central1-api) {"metadata":{"emulator":{"name":"functions"},"message":"[worker-pool] addWorker(us-central1-api)"}}
[debug] [2021-10-09T14:39:39.038Z] [worker-pool] Adding worker with key us-central1-api, total=1 {"metadata":{"emulator":{"name":"functions"},"message":"[worker-pool] Adding worker with key us-central1-api, total=1"}}
[debug] [2021-10-09T14:39:39.038Z] [worker-pool] submitWork(triggerId=us-central1-api) {"metadata":{"emulator":{"name":"functions"},"message":"[worker-pool] submitWork(triggerId=us-central1-api)"}}
[debug] [2021-10-09T14:39:39.038Z] [worker-us-central1-api-31546d3a-3901-4e9a-9865-2b78ca149d35]: Assigning socketPath: /var/folders/nz/cfs7byk10dj2497v4xgnnxxc0000gn/T/fire_emu_31580.sock {"metadata":{"emulator":{"name":"functions"},"message":"[worker-us-central1-api-31546d3a-3901-4e9a-9865-2b78ca149d35]: Assigning socketPath: /var/folders/nz/cfs7byk10dj2497v4xgnnxxc0000gn/T/fire_emu_31580.sock"}}
[debug] [2021-10-09T14:39:39.038Z] [worker-us-central1-api-31546d3a-3901-4e9a-9865-2b78ca149d35]: BUSY {"metadata":{"emulator":{"name":"functions"},"message":"[worker-us-central1-api-31546d3a-3901-4e9a-9865-2b78ca149d35]: BUSY"}}
[debug] [2021-10-09T14:39:39.268Z] [runtime-status] [31580] Functions runtime initialized. {"cwd":"/Users/kingquanto/Amazon-Clone/amazon-clone/amazon-clone/functions","node_version":"12.20.0"} {"metadata":{"emulator":{"name":"functions"},"function":{"name":"us-central1-api"},"message":"[runtime-status] [31580] Functions runtime initialized. {\"cwd\":\"/Users/kingquanto/Amazon-Clone/amazon-clone/amazon-clone/functions\",\"node_version\":\"12.20.0\"}"}}
[debug] [2021-10-09T14:39:39.269Z] [runtime-status] [31580] Disabled runtime features: undefined {"metadata":{"emulator":{"name":"functions"},"function":{"name":"us-central1-api"},"message":"[runtime-status] [31580] Disabled runtime features: undefined"}}
[debug] [2021-10-09T14:39:39.274Z] [runtime-status] [31580] Resolved module firebase-admin {"declared":true,"installed":true,"version":"9.12.0","resolution":"/Users/kingquanto/Amazon-Clone/amazon-clone/amazon-clone/functions/node_modules/firebase-admin/lib/index.js"} {"metadata":{"emulator":{"name":"functions"},"function":{"name":"us-central1-api"},"message":"[runtime-status] [31580] Resolved module firebase-admin {\"declared\":true,\"installed\":true,\"version\":\"9.12.0\",\"resolution\":\"/Users/kingquanto/Amazon-Clone/amazon-clone/amazon-clone/functions/node_modules/firebase-admin/lib/index.js\"}"}}
[debug] [2021-10-09T14:39:39.276Z] [runtime-status] [31580] Resolved module firebase-functions {"declared":true,"installed":true,"version":"3.15.7","resolution":"/Users/kingquanto/Amazon-Clone/amazon-clone/amazon-clone/functions/node_modules/firebase-functions/lib/index.js"} {"metadata":{"emulator":{"name":"functions"},"function":{"name":"us-central1-api"},"message":"[runtime-status] [31580] Resolved module firebase-functions {\"declared\":true,\"installed\":true,\"version\":\"3.15.7\",\"resolution\":\"/Users/kingquanto/Amazon-Clone/amazon-clone/amazon-clone/functions/node_modules/firebase-functions/lib/index.js\"}"}}
[debug] [2021-10-09T14:39:39.278Z] [runtime-status] [31580] Outgoing network have been stubbed. [{"name":"http","status":"mocked"},{"name":"http","status":"mocked"},{"name":"https","status":"mocked"},{"name":"https","status":"mocked"},{"name":"net","status":"mocked"}] {"metadata":{"emulator":{"name":"functions"},"function":{"name":"us-central1-api"},"message":"[runtime-status] [31580] Outgoing network have been stubbed. [{\"name\":\"http\",\"status\":\"mocked\"},{\"name\":\"http\",\"status\":\"mocked\"},{\"name\":\"https\",\"status\":\"mocked\"},{\"name\":\"https\",\"status\":\"mocked\"},{\"name\":\"net\",\"status\":\"mocked\"}]"}}
[debug] [2021-10-09T14:39:39.278Z] [runtime-status] [31580] Resolved module firebase-functions {"declared":true,"installed":true,"version":"3.15.7","resolution":"/Users/kingquanto/Amazon-Clone/amazon-clone/amazon-clone/functions/node_modules/firebase-functions/lib/index.js"} {"metadata":{"emulator":{"name":"functions"},"function":{"name":"us-central1-api"},"message":"[runtime-status] [31580] Resolved module firebase-functions {\"declared\":true,\"installed\":true,\"version\":\"3.15.7\",\"resolution\":\"/Users/kingquanto/Amazon-Clone/amazon-clone/amazon-clone/functions/node_modules/firebase-functions/lib/index.js\"}"}}
[debug] [2021-10-09T14:39:39.324Z] [runtime-status] [31580] Checked functions.config() {"config":{}} {"metadata":{"emulator":{"name":"functions"},"function":{"name":"us-central1-api"},"message":"[runtime-status] [31580] Checked functions.config() {\"config\":{}}"}}
[debug] [2021-10-09T14:39:39.325Z] [runtime-status] [31580] firebase-functions has been stubbed. {"functionsResolution":{"declared":true,"installed":true,"version":"3.15.7","resolution":"/Users/kingquanto/Amazon-Clone/amazon-clone/amazon-clone/functions/node_modules/firebase-functions/lib/index.js"}} {"metadata":{"emulator":{"name":"functions"},"function":{"name":"us-central1-api"},"message":"[runtime-status] [31580] firebase-functions has been stubbed. {\"functionsResolution\":{\"declared\":true,\"installed\":true,\"version\":\"3.15.7\",\"resolution\":\"/Users/kingquanto/Amazon-Clone/amazon-clone/amazon-clone/functions/node_modules/firebase-functions/lib/index.js\"}}"}}
[debug] [2021-10-09T14:39:39.325Z] [runtime-status] [31580] Resolved module firebase-functions {"declared":true,"installed":true,"version":"3.15.7","resolution":"/Users/kingquanto/Amazon-Clone/amazon-clone/amazon-clone/functions/node_modules/firebase-functions/lib/index.js"} {"metadata":{"emulator":{"name":"functions"},"function":{"name":"us-central1-api"},"message":"[runtime-status] [31580] Resolved module firebase-functions {\"declared\":true,\"installed\":true,\"version\":\"3.15.7\",\"resolution\":\"/Users/kingquanto/Amazon-Clone/amazon-clone/amazon-clone/functions/node_modules/firebase-functions/lib/index.js\"}"}}
[debug] [2021-10-09T14:39:39.326Z] [runtime-status] [31580] Resolved module firebase-admin {"declared":true,"installed":true,"version":"9.12.0","resolution":"/Users/kingquanto/Amazon-Clone/amazon-clone/amazon-clone/functions/node_modules/firebase-admin/lib/index.js"} {"metadata":{"emulator":{"name":"functions"},"function":{"name":"us-central1-api"},"message":"[runtime-status] [31580] Resolved module firebase-admin {\"declared\":true,\"installed\":true,\"version\":\"9.12.0\",\"resolution\":\"/Users/kingquanto/Amazon-Clone/amazon-clone/amazon-clone/functions/node_modules/firebase-admin/lib/index.js\"}"}}
[debug] [2021-10-09T14:39:39.326Z] [runtime-status] [31580] Resolved module firebase-functions {"declared":true,"installed":true,"version":"3.15.7","resolution":"/Users/kingquanto/Amazon-Clone/amazon-clone/amazon-clone/functions/node_modules/firebase-functions/lib/index.js"} {"metadata":{"emulator":{"name":"functions"},"function":{"name":"us-central1-api"},"message":"[runtime-status] [31580] Resolved module firebase-functions {\"declared\":true,\"installed\":true,\"version\":\"3.15.7\",\"resolution\":\"/Users/kingquanto/Amazon-Clone/amazon-clone/amazon-clone/functions/node_modules/firebase-functions/lib/index.js\"}"}}
[debug] [2021-10-09T14:39:39.326Z] [runtime-status] [31580] firebase-admin has been stubbed. {"adminResolution":{"declared":true,"installed":true,"version":"9.12.0","resolution":"/Users/kingquanto/Amazon-Clone/amazon-clone/amazon-clone/functions/node_modules/firebase-admin/lib/index.js"}} {"metadata":{"emulator":{"name":"functions"},"function":{"name":"us-central1-api"},"message":"[runtime-status] [31580] firebase-admin has been stubbed. {\"adminResolution\":{\"declared\":true,\"installed\":true,\"version\":\"9.12.0\",\"resolution\":\"/Users/kingquanto/Amazon-Clone/amazon-clone/amazon-clone/functions/node_modules/firebase-admin/lib/index.js\"}}"}}
[debug] [2021-10-09T14:39:39.484Z] [runtime-status] [31580] Trigger "us-central1-api" has been found, beginning invocation! {"metadata":{"emulator":{"name":"functions"},"function":{"name":"us-central1-api"},"message":"[runtime-status] [31580] Trigger \"us-central1-api\" has been found, beginning invocation!"}}
[info] i  functions: Beginning execution of "us-central1-api" {"metadata":{"emulator":{"name":"functions"},"function":{"name":"us-central1-api"},"message":"Beginning execution of \"us-central1-api\""}}
[debug] [2021-10-09T14:39:39.486Z] [runtime-status] [31580] triggerDefinition {"httpsTrigger":{},"name":"api","entryPoint":"api","regions":["us-central1"],"region":"us-central1","id":"us-central1-api"} {"metadata":{"emulator":{"name":"functions"},"function":{"name":"us-central1-api"},"message":"[runtime-status] [31580] triggerDefinition {\"httpsTrigger\":{},\"name\":\"api\",\"entryPoint\":\"api\",\"regions\":[\"us-central1\"],\"region\":\"us-central1\",\"id\":\"us-central1-api\"}"}}
[debug] [2021-10-09T14:39:39.486Z] [runtime-status] [31580] Running us-central1-api in signature http {"metadata":{"emulator":{"name":"functions"},"function":{"name":"us-central1-api"},"message":"[runtime-status] [31580] Running us-central1-api in signature http"}}
[debug] [2021-10-09T14:39:39.487Z] [runtime-status] [31580] Attempting to listen to socketPath: /var/folders/nz/cfs7byk10dj2497v4xgnnxxc0000gn/T/fire_emu_31580.sock {"metadata":{"emulator":{"name":"functions"},"function":{"name":"us-central1-api"},"message":"[runtime-status] [31580] Attempting to listen to socketPath: /var/folders/nz/cfs7byk10dj2497v4xgnnxxc0000gn/T/fire_emu_31580.sock"}}
[debug] [2021-10-09T14:39:39.491Z] [functions] Runtime ready! Sending request! {"metadata":{"emulator":{"name":"functions"},"message":"[functions] Runtime ready! Sending request!"}}
[debug] [2021-10-09T14:39:39.492Z] [functions] Got req.url=/clone-e2b31/us-central1/api/payments/create?total=34085, mapping to path=/payments/create?total=34085 {"metadata":{"emulator":{"name":"functions"},"message":"[functions] Got req.url=/clone-e2b31/us-central1/api/payments/create?total=34085, mapping to path=/payments/create?total=34085"}}
[debug] [2021-10-09T14:39:39.498Z] [runtime-status] [31580] Ephemeral server handling POST request {"metadata":{"emulator":{"name":"functions"},"function":{"name":"us-central1-api"},"message":"[runtime-status] [31580] Ephemeral server handling POST request"}}
[info] >  PAYMENT REQUEST RECIEVED!!---> 34085 {"user":"PAYMENT REQUEST RECIEVED!!---> 34085","metadata":{"emulator":{"name":"functions"},"function":{"name":"us-central1-api"},"message":"\u001b[90m> \u001b[39m PAYMENT REQUEST RECIEVED!!---> 34085"}}
[debug] [2021-10-09T14:39:39.507Z] [runtime-status] [31580] Ephemeral server survived. {"metadata":{"emulator":{"name":"functions"},"function":{"name":"us-central1-api"},"message":"[runtime-status] [31580] Ephemeral server survived."}}
[info] i  functions: Finished "us-central1-api" in ~1s {"metadata":{"emulator":{"name":"functions"},"function":{"name":"us-central1-api"},"message":"Finished \"us-central1-api\" in ~1s"}}
[debug] [2021-10-09T14:39:39.958Z] [worker-us-central1-api-31546d3a-3901-4e9a-9865-2b78ca149d35]: IDLE {"metadata":{"emulator":{"name":"functions"},"message":"[worker-us-central1-api-31546d3a-3901-4e9a-9865-2b78ca149d35]: IDLE"}}
[debug] [2021-10-09T14:39:39.959Z] [work-queue] {"queueLength":0,"workRunningCount":0}
[debug] [2021-10-09T14:45:54.150Z] [work-queue] {"queueLength":1,"workRunningCount":0}
[debug] [2021-10-09T14:45:54.150Z] [work-queue] {"queueLength":0,"workRunningCount":1}
[debug] [2021-10-09T14:45:54.150Z] Accepted request POST /clone-e2b31/us-central1/api/payments/create?total=80084 --> us-central1-api
[debug] [2021-10-09T14:45:54.150Z] [worker-pool] submitWork(triggerId=us-central1-api) {"metadata":{"emulator":{"name":"functions"},"message":"[worker-pool] submitWork(triggerId=us-central1-api)"}}
[debug] [2021-10-09T14:45:54.150Z] [worker-us-central1-api-31546d3a-3901-4e9a-9865-2b78ca149d35]: Assigning socketPath: /var/folders/nz/cfs7byk10dj2497v4xgnnxxc0000gn/T/fire_emu_31580.sock {"metadata":{"emulator":{"name":"functions"},"message":"[worker-us-central1-api-31546d3a-3901-4e9a-9865-2b78ca149d35]: Assigning socketPath: /var/folders/nz/cfs7byk10dj2497v4xgnnxxc0000gn/T/fire_emu_31580.sock"}}
[debug] [2021-10-09T14:45:54.150Z] [worker-us-central1-api-31546d3a-3901-4e9a-9865-2b78ca149d35]: BUSY {"metadata":{"emulator":{"name":"functions"},"message":"[worker-us-central1-api-31546d3a-3901-4e9a-9865-2b78ca149d35]: BUSY"}}
[debug] [2021-10-09T14:45:54.151Z] [runtime-status] [31580] Trigger "us-central1-api" has been found, beginning invocation! {"metadata":{"emulator":{"name":"functions"},"function":{"name":"us-central1-api"},"message":"[runtime-status] [31580] Trigger \"us-central1-api\" has been found, beginning invocation!"}}
[info] i  functions: Beginning execution of "us-central1-api" {"metadata":{"emulator":{"name":"functions"},"function":{"name":"us-central1-api"},"message":"Beginning execution of \"us-central1-api\""}}
[debug] [2021-10-09T14:45:54.151Z] [runtime-status] [31580] triggerDefinition {"httpsTrigger":{},"name":"api","entryPoint":"api","regions":["us-central1"],"region":"us-central1","id":"us-central1-api"} {"metadata":{"emulator":{"name":"functions"},"function":{"name":"us-central1-api"},"message":"[runtime-status] [31580] triggerDefinition {\"httpsTrigger\":{},\"name\":\"api\",\"entryPoint\":\"api\",\"regions\":[\"us-central1\"],\"region\":\"us-central1\",\"id\":\"us-central1-api\"}"}}
[debug] [2021-10-09T14:45:54.151Z] [runtime-status] [31580] Running us-central1-api in signature http {"metadata":{"emulator":{"name":"functions"},"function":{"name":"us-central1-api"},"message":"[runtime-status] [31580] Running us-central1-api in signature http"}}
[debug] [2021-10-09T14:45:54.151Z] [runtime-status] [31580] Attempting to listen to socketPath: /var/folders/nz/cfs7byk10dj2497v4xgnnxxc0000gn/T/fire_emu_31580.sock {"metadata":{"emulator":{"name":"functions"},"function":{"name":"us-central1-api"},"message":"[runtime-status] [31580] Attempting to listen to socketPath: /var/folders/nz/cfs7byk10dj2497v4xgnnxxc0000gn/T/fire_emu_31580.sock"}}
[debug] [2021-10-09T14:45:54.154Z] [functions] Runtime ready! Sending request! {"metadata":{"emulator":{"name":"functions"},"message":"[functions] Runtime ready! Sending request!"}}
[debug] [2021-10-09T14:45:54.154Z] [functions] Got req.url=/clone-e2b31/us-central1/api/payments/create?total=80084, mapping to path=/payments/create?total=80084 {"metadata":{"emulator":{"name":"functions"},"message":"[functions] Got req.url=/clone-e2b31/us-central1/api/payments/create?total=80084, mapping to path=/payments/create?total=80084"}}
[debug] [2021-10-09T14:45:54.156Z] [runtime-status] [31580] Ephemeral server handling POST request {"metadata":{"emulator":{"name":"functions"},"function":{"name":"us-central1-api"},"message":"[runtime-status] [31580] Ephemeral server handling POST request"}}
[info] >  PAYMENT REQUEST RECIEVED!!---> 80084 {"user":"PAYMENT REQUEST RECIEVED!!---> 80084","metadata":{"emulator":{"name":"functions"},"function":{"name":"us-central1-api"},"message":"\u001b[90m> \u001b[39m PAYMENT REQUEST RECIEVED!!---> 80084"}}
[debug] [2021-10-09T14:45:54.159Z] [runtime-status] [31580] Ephemeral server survived. {"metadata":{"emulator":{"name":"functions"},"function":{"name":"us-central1-api"},"message":"[runtime-status] [31580] Ephemeral server survived."}}
[info] i  functions: Finished "us-central1-api" in ~1s {"metadata":{"emulator":{"name":"functions"},"function":{"name":"us-central1-api"},"message":"Finished \"us-central1-api\" in ~1s"}}
[debug] [2021-10-09T14:45:54.527Z] [worker-us-central1-api-31546d3a-3901-4e9a-9865-2b78ca149d35]: IDLE {"metadata":{"emulator":{"name":"functions"},"message":"[worker-us-central1-api-31546d3a-3901-4e9a-9865-2b78ca149d35]: IDLE"}}
[debug] [2021-10-09T14:45:54.527Z] [work-queue] {"queueLength":0,"workRunningCount":0}
[debug] [2021-10-09T14:47:38.597Z] [work-queue] {"queueLength":1,"workRunningCount":0}
[debug] [2021-10-09T14:47:38.597Z] [work-queue] {"queueLength":0,"workRunningCount":1}
[debug] [2021-10-09T14:47:38.597Z] Accepted request POST /clone-e2b31/us-central1/api/payments/create?total=145584 --> us-central1-api
[debug] [2021-10-09T14:47:38.598Z] [worker-pool] submitWork(triggerId=us-central1-api) {"metadata":{"emulator":{"name":"functions"},"message":"[worker-pool] submitWork(triggerId=us-central1-api)"}}
[debug] [2021-10-09T14:47:38.598Z] [worker-us-central1-api-31546d3a-3901-4e9a-9865-2b78ca149d35]: Assigning socketPath: /var/folders/nz/cfs7byk10dj2497v4xgnnxxc0000gn/T/fire_emu_31580.sock {"metadata":{"emulator":{"name":"functions"},"message":"[worker-us-central1-api-31546d3a-3901-4e9a-9865-2b78ca149d35]: Assigning socketPath: /var/folders/nz/cfs7byk10dj2497v4xgnnxxc0000gn/T/fire_emu_31580.sock"}}
[debug] [2021-10-09T14:47:38.598Z] [worker-us-central1-api-31546d3a-3901-4e9a-9865-2b78ca149d35]: BUSY {"metadata":{"emulator":{"name":"functions"},"message":"[worker-us-central1-api-31546d3a-3901-4e9a-9865-2b78ca149d35]: BUSY"}}
[debug] [2021-10-09T14:47:38.598Z] [runtime-status] [31580] Trigger "us-central1-api" has been found, beginning invocation! {"metadata":{"emulator":{"name":"functions"},"function":{"name":"us-central1-api"},"message":"[runtime-status] [31580] Trigger \"us-central1-api\" has been found, beginning invocation!"}}
[info] i  functions: Beginning execution of "us-central1-api" {"metadata":{"emulator":{"name":"functions"},"function":{"name":"us-central1-api"},"message":"Beginning execution of \"us-central1-api\""}}
[debug] [2021-10-09T14:47:38.599Z] [runtime-status] [31580] triggerDefinition {"httpsTrigger":{},"name":"api","entryPoint":"api","regions":["us-central1"],"region":"us-central1","id":"us-central1-api"} {"metadata":{"emulator":{"name":"functions"},"function":{"name":"us-central1-api"},"message":"[runtime-status] [31580] triggerDefinition {\"httpsTrigger\":{},\"name\":\"api\",\"entryPoint\":\"api\",\"regions\":[\"us-central1\"],\"region\":\"us-central1\",\"id\":\"us-central1-api\"}"}}
[debug] [2021-10-09T14:47:38.599Z] [runtime-status] [31580] Running us-central1-api in signature http {"metadata":{"emulator":{"name":"functions"},"function":{"name":"us-central1-api"},"message":"[runtime-status] [31580] Running us-central1-api in signature http"}}
[debug] [2021-10-09T14:47:38.599Z] [runtime-status] [31580] Attempting to listen to socketPath: /var/folders/nz/cfs7byk10dj2497v4xgnnxxc0000gn/T/fire_emu_31580.sock {"metadata":{"emulator":{"name":"functions"},"function":{"name":"us-central1-api"},"message":"[runtime-status] [31580] Attempting to listen to socketPath: /var/folders/nz/cfs7byk10dj2497v4xgnnxxc0000gn/T/fire_emu_31580.sock"}}
[debug] [2021-10-09T14:47:38.600Z] [functions] Runtime ready! Sending request! {"metadata":{"emulator":{"name":"functions"},"message":"[functions] Runtime ready! Sending request!"}}
[debug] [2021-10-09T14:47:38.600Z] [functions] Got req.url=/clone-e2b31/us-central1/api/payments/create?total=145584, mapping to path=/payments/create?total=145584 {"metadata":{"emulator":{"name":"functions"},"message":"[functions] Got req.url=/clone-e2b31/us-central1/api/payments/create?total=145584, mapping to path=/payments/create?total=145584"}}
[debug] [2021-10-09T14:47:38.603Z] [runtime-status] [31580] Ephemeral server handling POST request {"metadata":{"emulator":{"name":"functions"},"function":{"name":"us-central1-api"},"message":"[runtime-status] [31580] Ephemeral server handling POST request"}}
[info] >  PAYMENT REQUEST RECIEVED!!---> 145584 {"user":"PAYMENT REQUEST RECIEVED!!---> 145584","metadata":{"emulator":{"name":"functions"},"function":{"name":"us-central1-api"},"message":"\u001b[90m> \u001b[39m PAYMENT REQUEST RECIEVED!!---> 145584"}}
[debug] [2021-10-09T14:47:38.605Z] [runtime-status] [31580] Ephemeral server survived. {"metadata":{"emulator":{"name":"functions"},"function":{"name":"us-central1-api"},"message":"[runtime-status] [31580] Ephemeral server survived."}}
[info] i  functions: Finished "us-central1-api" in ~1s {"metadata":{"emulator":{"name":"functions"},"function":{"name":"us-central1-api"},"message":"Finished \"us-central1-api\" in ~1s"}}
[debug] [2021-10-09T14:47:38.878Z] [worker-us-central1-api-31546d3a-3901-4e9a-9865-2b78ca149d35]: IDLE {"metadata":{"emulator":{"name":"functions"},"message":"[worker-us-central1-api-31546d3a-3901-4e9a-9865-2b78ca149d35]: IDLE"}}
[debug] [2021-10-09T14:47:38.879Z] [work-queue] {"queueLength":0,"workRunningCount":0}
